  Input.cpp
C:\Program Files (x86)\Windows Kits\10\Include\10.0.18362.0\shared\minwindef.h(130,1): warning C4005:  'APIENTRY': macro redefinition
C:\Users\adept\Desktop\MAADeditor\MAADeditor\include\glad\glad.h(32): message :  see previous definition of 'APIENTRY'
C:\Users\adept\Desktop\MAADeditor\MAADeditor\Code\Shaders.h(126,55): warning C4244:  'argument': conversion from 'float' to 'GLint', possible loss of data
C:\Users\adept\Desktop\MAADeditor\MAADeditor\Code\Camera.h(80,1): warning C4244:  '-=': conversion from 'float' to 'int', possible loss of data
C:\Users\adept\Desktop\MAADeditor\MAADeditor\Code\Camera.h(81,1): warning C4244:  '+=': conversion from 'float' to 'int', possible loss of data
C:\Users\adept\Desktop\MAADeditor\MAADeditor\Code\Camera.h(82,19): warning C4244:  '=': conversion from 'double' to 'T', possible loss of data
C:\Users\adept\Desktop\MAADeditor\MAADeditor\Code\Camera.h(82,19): warning C4244:         with
C:\Users\adept\Desktop\MAADeditor\MAADeditor\Code\Camera.h(82,19): warning C4244:         [
C:\Users\adept\Desktop\MAADeditor\MAADeditor\Code\Camera.h(82,19): warning C4244:             T=float
C:\Users\adept\Desktop\MAADeditor\MAADeditor\Code\Camera.h(82,19): warning C4244:         ]
C:\Users\adept\Desktop\MAADeditor\MAADeditor\Code\Camera.h(84,16): warning C4244:  '=': conversion from 'double' to 'T', possible loss of data
C:\Users\adept\Desktop\MAADeditor\MAADeditor\Code\Camera.h(84,16): warning C4244:         with
C:\Users\adept\Desktop\MAADeditor\MAADeditor\Code\Camera.h(84,16): warning C4244:         [
C:\Users\adept\Desktop\MAADeditor\MAADeditor\Code\Camera.h(84,16): warning C4244:             T=float
C:\Users\adept\Desktop\MAADeditor\MAADeditor\Code\Camera.h(84,16): warning C4244:         ]
C:\Users\adept\Desktop\MAADeditor\MAADeditor\Code\Camera.h(101,1): warning C4244:  '-=': conversion from 'float' to 'int', possible loss of data
C:\Users\adept\Desktop\MAADeditor\MAADeditor\Code\Camera.h(102,1): warning C4244:  '+=': conversion from 'float' to 'int', possible loss of data
C:\Users\adept\Desktop\MAADeditor\MAADeditor\Code\Camera.h(104,29): warning C4244:  '=': conversion from 'double' to 'T', possible loss of data
C:\Users\adept\Desktop\MAADeditor\MAADeditor\Code\Camera.h(104,29): warning C4244:         with
C:\Users\adept\Desktop\MAADeditor\MAADeditor\Code\Camera.h(104,29): warning C4244:         [
C:\Users\adept\Desktop\MAADeditor\MAADeditor\Code\Camera.h(104,29): warning C4244:             T=float
C:\Users\adept\Desktop\MAADeditor\MAADeditor\Code\Camera.h(104,29): warning C4244:         ]
C:\Users\adept\Desktop\MAADeditor\MAADeditor\Code\Camera.h(105,29): warning C4244:  '=': conversion from 'double' to 'T', possible loss of data
C:\Users\adept\Desktop\MAADeditor\MAADeditor\Code\Camera.h(105,29): warning C4244:         with
C:\Users\adept\Desktop\MAADeditor\MAADeditor\Code\Camera.h(105,29): warning C4244:         [
C:\Users\adept\Desktop\MAADeditor\MAADeditor\Code\Camera.h(105,29): warning C4244:             T=float
C:\Users\adept\Desktop\MAADeditor\MAADeditor\Code\Camera.h(105,29): warning C4244:         ]
C:\Users\adept\Desktop\MAADeditor\MAADeditor\Code\Camera.h(106,16): warning C4244:  '=': conversion from 'double' to 'T', possible loss of data
C:\Users\adept\Desktop\MAADeditor\MAADeditor\Code\Camera.h(106,16): warning C4244:         with
C:\Users\adept\Desktop\MAADeditor\MAADeditor\Code\Camera.h(106,16): warning C4244:         [
C:\Users\adept\Desktop\MAADeditor\MAADeditor\Code\Camera.h(106,16): warning C4244:             T=float
C:\Users\adept\Desktop\MAADeditor\MAADeditor\Code\Camera.h(106,16): warning C4244:         ]
C:\Users\adept\Desktop\MAADeditor\MAADeditor\Code\Camera.h(108,16): warning C4244:  '=': conversion from 'double' to 'T', possible loss of data
C:\Users\adept\Desktop\MAADeditor\MAADeditor\Code\Camera.h(108,16): warning C4244:         with
C:\Users\adept\Desktop\MAADeditor\MAADeditor\Code\Camera.h(108,16): warning C4244:         [
C:\Users\adept\Desktop\MAADeditor\MAADeditor\Code\Camera.h(108,16): warning C4244:             T=float
C:\Users\adept\Desktop\MAADeditor\MAADeditor\Code\Camera.h(108,16): warning C4244:         ]
C:\Users\adept\Desktop\MAADeditor\MAADeditor\Code\RNGRoll.h(45,20): warning C4244:  'initializing': conversion from 'float' to 'int', possible loss of data
  Generating code
  60 of 2504 functions ( 2.4%) were compiled, the rest were copied from previous compilation.
    0 functions were new in current compilation
    78 functions had inline decision re-evaluated but remain unchanged
  Finished generating code
  MAADengine.vcxproj -> C:\Users\adept\Desktop\MAADeditor\MAADeditor\FinalBuild\MAADengine.exe
  C:\Users\adept\Desktop\MAADeditor\MAADeditor\Assets\Models\FaceLoadTest.txt
  C:\Users\adept\Desktop\MAADeditor\MAADeditor\Assets\Models\ModelLoadTest.txt
  C:\Users\adept\Desktop\MAADeditor\MAADeditor\Assets\Models\TestCube.mtl
  C:\Users\adept\Desktop\MAADeditor\MAADeditor\Assets\Models\TestCube.obj
  C:\Users\adept\Desktop\MAADeditor\MAADeditor\Assets\Shaders\Fragment\ColorTextureApplicator.glsl
  C:\Users\adept\Desktop\MAADeditor\MAADeditor\Assets\Shaders\Geometry\PracticeGeometryShader.glsl
  C:\Users\adept\Desktop\MAADeditor\MAADeditor\Assets\Shaders\Vertex\PracticeVertexShader.glsl
  C:\Users\adept\Desktop\MAADeditor\MAADeditor\Assets\Sounds\soundTestGOT.wav
  C:\Users\adept\Desktop\MAADeditor\MAADeditor\Assets\Textures\SpaceShip1.png
  C:\Users\adept\Desktop\MAADeditor\MAADeditor\Assets\Textures\SpaceShip1.png~
  C:\Users\adept\Desktop\MAADeditor\MAADeditor\Assets\Textures\wallTest.png
  11 File(s) copied
