c:\users\adept\desktop\maadeditor\maadeditor\finalbuild\vc142.pdb
c:\users\adept\desktop\maadeditor\maadeditor\finalbuild\imgui_widgets.obj
c:\users\adept\desktop\maadeditor\maadeditor\finalbuild\imgui_draw.obj
c:\users\adept\desktop\maadeditor\maadeditor\finalbuild\imgui_demo.obj
c:\users\adept\desktop\maadeditor\maadeditor\finalbuild\imgui.obj
c:\users\adept\desktop\maadeditor\maadeditor\finalbuild\render.obj
c:\users\adept\desktop\maadeditor\maadeditor\finalbuild\physics.obj
c:\users\adept\desktop\maadeditor\maadeditor\finalbuild\maadeditor.obj
c:\users\adept\desktop\maadeditor\maadeditor\finalbuild\input.obj
c:\users\adept\desktop\maadeditor\maadeditor\finalbuild\imgui_stdlib.obj
c:\users\adept\desktop\maadeditor\maadeditor\finalbuild\imgui_impl_opengl3.obj
c:\users\adept\desktop\maadeditor\maadeditor\finalbuild\imgui_impl_glfw.obj
c:\users\adept\desktop\maadeditor\maadeditor\finalbuild\filecontrol.obj
c:\users\adept\desktop\maadeditor\maadeditor\finalbuild\editor.obj
c:\users\adept\desktop\maadeditor\maadeditor\finalbuild\debug.obj
c:\users\adept\desktop\maadeditor\maadeditor\finalbuild\audiocontrol.obj
c:\users\adept\desktop\maadeditor\maadeditor\finalbuild\glad.obj
c:\users\adept\desktop\maadeditor\maadeditor\finalbuild\rngroll.obj
c:\users\adept\desktop\maadeditor\maadeditor\finalbuild\map.obj
c:\users\adept\desktop\maadeditor\maadeditor\finalbuild\time.obj
c:\users\adept\desktop\maadeditor\maadeditor\finalbuild\mapentity.obj
c:\users\adept\desktop\maadeditor\maadeditor\finalbuild\skills.obj
c:\users\adept\desktop\maadeditor\maadeditor\finalbuild\maadengine.exe
c:\users\adept\desktop\maadeditor\maadeditor\finalbuild\maadengine.pdb
c:\users\adept\desktop\maadeditor\maadeditor\finalbuild\maadengine.ipdb
c:\users\adept\desktop\maadeditor\maadeditor\finalbuild\maadengine.iobj
c:\users\adept\desktop\maadeditor\maadeditor\finalbuild\maadengine.tlog\cl.command.1.tlog
c:\users\adept\desktop\maadeditor\maadeditor\finalbuild\maadengine.tlog\cl.read.1.tlog
c:\users\adept\desktop\maadeditor\maadeditor\finalbuild\maadengine.tlog\cl.write.1.tlog
c:\users\adept\desktop\maadeditor\maadeditor\finalbuild\maadengine.tlog\link.command.1.tlog
c:\users\adept\desktop\maadeditor\maadeditor\finalbuild\maadengine.tlog\link.delete.1.tlog
c:\users\adept\desktop\maadeditor\maadeditor\finalbuild\maadengine.tlog\link.read.1.tlog
c:\users\adept\desktop\maadeditor\maadeditor\finalbuild\maadengine.tlog\link.write.1.tlog
c:\users\adept\desktop\maadeditor\maadeditor\finalbuild\maadengine.tlog\maadengine.write.1u.tlog
